2025-12-10 15:07:16,166 INFO o.a.j.u.JMeterUtils: Setting Locale to en_EN
2025-12-10 15:07:16,187 INFO o.a.j.JMeter: Loading user properties from: C:\apache-jmeter-5.6.3\bin\user.properties
2025-12-10 15:07:16,188 INFO o.a.j.JMeter: Loading system properties from: C:\apache-jmeter-5.6.3\bin\system.properties
2025-12-10 15:07:16,197 INFO o.a.j.JMeter: Copyright (c) 1998-2024 The Apache Software Foundation
2025-12-10 15:07:16,197 INFO o.a.j.JMeter: Version 5.6.3
2025-12-10 15:07:16,197 INFO o.a.j.JMeter: java.version=25
2025-12-10 15:07:16,197 INFO o.a.j.JMeter: java.vm.name=Java HotSpot(TM) 64-Bit Server VM
2025-12-10 15:07:16,197 INFO o.a.j.JMeter: os.name=Windows 10
2025-12-10 15:07:16,197 INFO o.a.j.JMeter: os.arch=amd64
2025-12-10 15:07:16,199 INFO o.a.j.JMeter: os.version=10.0
2025-12-10 15:07:16,199 INFO o.a.j.JMeter: file.encoding=UTF-8
2025-12-10 15:07:16,199 INFO o.a.j.JMeter: java.awt.headless=true
2025-12-10 15:07:16,199 INFO o.a.j.JMeter: Max memory     =1073741824
2025-12-10 15:07:16,199 INFO o.a.j.JMeter: Available Processors =4
2025-12-10 15:07:16,216 INFO o.a.j.JMeter: Default Locale=English (EN)
2025-12-10 15:07:16,217 INFO o.a.j.JMeter: JMeter  Locale=English (EN)
2025-12-10 15:07:16,217 INFO o.a.j.JMeter: JMeterHome=C:\apache-jmeter-5.6.3
2025-12-10 15:07:16,217 INFO o.a.j.JMeter: user.dir  =D:\assessment3\assessment3\jmeter
2025-12-10 15:07:16,217 INFO o.a.j.JMeter: PWD       =D:\assessment3\assessment3\jmeter
2025-12-10 15:07:16,220 INFO o.a.j.JMeter: IP: 172.19.37.202 Name: b8ba8b3224bb5fe FullName: 172.19.37.202
2025-12-10 15:07:16,233 INFO o.a.j.JMeter: Setting property 'jmeter.reportgenerator.outputdir' to:'D:\assessment3\assessment3\jmeter\report'
2025-12-10 15:07:16,237 INFO o.a.j.s.FileServer: Default base='D:\assessment3\assessment3\jmeter'
2025-12-10 15:07:16,238 INFO o.a.j.s.FileServer: Set new base='D:\assessment3\assessment3\jmeter'
2025-12-10 15:07:16,595 INFO o.a.j.s.SaveService: Testplan (JMX) version: 2.2. Testlog (JTL) version: 2.2
2025-12-10 15:07:16,626 INFO o.a.j.s.SaveService: Using SaveService properties version 5.0
2025-12-10 15:07:16,630 INFO o.a.j.s.SaveService: Using SaveService properties file encoding UTF-8
2025-12-10 15:07:16,634 INFO o.a.j.s.SaveService: Loading file: record.jmx
2025-12-10 15:07:16,702 INFO o.a.j.p.h.c.CookieManager: Settings: Delete null: true Check: true Allow variable: true Save: false Prefix: COOKIE_
2025-12-10 15:07:16,706 INFO o.a.j.p.h.c.CacheManager: Will only cache the following methods: [GET]
2025-12-10 15:07:16,736 INFO o.a.j.p.h.s.HTTPSamplerBase: Parser for text/html is org.apache.jmeter.protocol.http.parser.LagartoBasedHtmlParser
2025-12-10 15:07:16,736 INFO o.a.j.p.h.s.HTTPSamplerBase: Parser for application/xhtml+xml is org.apache.jmeter.protocol.http.parser.LagartoBasedHtmlParser
2025-12-10 15:07:16,736 INFO o.a.j.p.h.s.HTTPSamplerBase: Parser for application/xml is org.apache.jmeter.protocol.http.parser.LagartoBasedHtmlParser
2025-12-10 15:07:16,737 INFO o.a.j.p.h.s.HTTPSamplerBase: Parser for text/xml is org.apache.jmeter.protocol.http.parser.LagartoBasedHtmlParser
2025-12-10 15:07:16,737 INFO o.a.j.p.h.s.HTTPSamplerBase: Parser for text/vnd.wap.wml is org.apache.jmeter.protocol.http.parser.RegexpHTMLParser
2025-12-10 15:07:16,737 INFO o.a.j.p.h.s.HTTPSamplerBase: Parser for text/css is org.apache.jmeter.protocol.http.parser.CssParser
2025-12-10 15:07:16,785 INFO o.a.j.JMeter: Creating summariser <summary>
2025-12-10 15:07:16,790 INFO o.a.j.r.d.ReportGenerator: ReportGenerator will use for Parsing the separator: ','
2025-12-10 15:07:16,790 INFO o.a.j.r.d.ReportGenerator: Will generate report at end of test from  results file: result.jtl
2025-12-10 15:07:16,790 INFO o.a.j.r.d.ReportGenerator: Reading report generator properties from: C:\apache-jmeter-5.6.3\bin\reportgenerator.properties
2025-12-10 15:07:16,791 INFO o.a.j.r.d.ReportGenerator: Merging with JMeter properties
2025-12-10 15:07:16,795 INFO o.a.j.r.c.ReportGeneratorConfiguration: Property 'jmeter.reportgenerator.temp_dir' not found, using default value 'temp' instead.
2025-12-10 15:07:16,798 INFO o.a.j.r.c.ReportGeneratorConfiguration: Property 'jmeter.reportgenerator.apdex_per_transaction' not found, using default value 'null' instead.
2025-12-10 15:07:16,798 INFO o.a.j.r.c.ReportGeneratorConfiguration: apdex_per_transaction is empty, not APDEX per transaction customization
2025-12-10 15:07:16,799 INFO o.a.j.r.c.ReportGeneratorConfiguration: Property 'jmeter.reportgenerator.sample_filter' not found, using default value 'null' instead.
2025-12-10 15:07:16,799 INFO o.a.j.r.c.ReportGeneratorConfiguration: Property 'jmeter.reportgenerator.report_title' not found, using default value 'null' instead.
2025-12-10 15:07:16,799 INFO o.a.j.r.c.ReportGeneratorConfiguration: Property 'jmeter.reportgenerator.start_date' not found, using default value 'null' instead.
2025-12-10 15:07:16,799 INFO o.a.j.r.c.ReportGeneratorConfiguration: Property 'jmeter.reportgenerator.end_date' not found, using default value 'null' instead.
2025-12-10 15:07:16,799 INFO o.a.j.r.c.ReportGeneratorConfiguration: Property 'jmeter.reportgenerator.date_format' not found, using default value 'null' instead.
2025-12-10 15:07:16,799 INFO o.a.j.r.c.ReportGeneratorConfiguration: Will use date range start date: null, end date: null
2025-12-10 15:07:16,803 INFO o.a.j.r.c.ReportGeneratorConfiguration: Property 'jmeter.reportgenerator.graph.totalTPS.exclude_controllers' not found, using default value 'false' instead.
2025-12-10 15:07:16,803 INFO o.a.j.r.c.ReportGeneratorConfiguration: Property 'jmeter.reportgenerator.graph.activeThreadsOverTime.exclude_controllers' not found, using default value 'false' instead.
2025-12-10 15:07:16,803 INFO o.a.j.r.c.ReportGeneratorConfiguration: Property 'jmeter.reportgenerator.graph.timeVsThreads.exclude_controllers' not found, using default value 'false' instead.
2025-12-10 15:07:16,804 INFO o.a.j.r.c.ReportGeneratorConfiguration: Property 'jmeter.reportgenerator.graph.responseTimeDistribution.exclude_controllers' not found, using default value 'false' instead.
2025-12-10 15:07:16,804 INFO o.a.j.r.c.ReportGeneratorConfiguration: Property 'jmeter.reportgenerator.graph.transactionsPerSecond.exclude_controllers' not found, using default value 'false' instead.
2025-12-10 15:07:16,805 INFO o.a.j.r.c.ReportGeneratorConfiguration: Property 'jmeter.reportgenerator.graph.responseTimePercentiles.exclude_controllers' not found, using default value 'false' instead.
2025-12-10 15:07:16,806 INFO o.a.j.r.c.ReportGeneratorConfiguration: Property 'jmeter.reportgenerator.graph.responseTimePercentilesOverTime.exclude_controllers' not found, using default value 'false' instead.
2025-12-10 15:07:16,806 INFO o.a.j.r.c.ReportGeneratorConfiguration: Property 'jmeter.reportgenerator.graph.responseTimesOverTime.exclude_controllers' not found, using default value 'false' instead.
2025-12-10 15:07:16,807 INFO o.a.j.r.c.ReportGeneratorConfiguration: Property 'jmeter.reportgenerator.graph.connectTimeOverTime.exclude_controllers' not found, using default value 'false' instead.
2025-12-10 15:07:16,807 INFO o.a.j.r.c.ReportGeneratorConfiguration: Property 'jmeter.reportgenerator.graph.latenciesOverTime.exclude_controllers' not found, using default value 'false' instead.
2025-12-10 15:07:16,809 INFO o.a.j.r.c.ReportGeneratorConfiguration: Property 'jmeter.reportgenerator.exporter.json.filters_only_sample_series' not found, using default value 'true' instead.
2025-12-10 15:07:16,810 INFO o.a.j.r.c.ReportGeneratorConfiguration: Property 'jmeter.reportgenerator.exporter.json.series_filter' not found, using default value '' instead.
2025-12-10 15:07:16,810 INFO o.a.j.r.c.ReportGeneratorConfiguration: Property 'jmeter.reportgenerator.exporter.json.show_controllers_only' not found, using default value 'false' instead.
2025-12-10 15:07:16,811 INFO o.a.j.r.c.ReportGeneratorConfiguration: Property 'jmeter.reportgenerator.exporter.html.filters_only_sample_series' not found, using default value 'true' instead.
2025-12-10 15:07:16,811 INFO o.a.j.r.c.ReportGeneratorConfiguration: Property 'jmeter.reportgenerator.exporter.html.series_filter' not found, using default value '' instead.
2025-12-10 15:07:16,811 INFO o.a.j.r.c.ReportGeneratorConfiguration: Property 'jmeter.reportgenerator.exporter.html.show_controllers_only' not found, using default value 'false' instead.
2025-12-10 15:07:16,837 INFO o.a.j.e.StandardJMeterEngine: Running the test!
2025-12-10 15:07:16,838 INFO o.a.j.s.SampleEvent: List of sample_variables: []
2025-12-10 15:07:16,838 INFO o.a.j.s.SampleEvent: List of sample_variables: []
2025-12-10 15:07:16,845 INFO o.a.j.e.u.CompoundVariable: Note: Function class names must contain the string: '.functions.'
2025-12-10 15:07:16,845 INFO o.a.j.e.u.CompoundVariable: Note: Function class names must not contain the string: '.gui.'
2025-12-10 15:07:16,919 INFO o.a.j.r.ClassFinder: Will scan jar C:\apache-jmeter-5.6.3\lib\ext\jmeter-plugins-webdriver-4.13.0.2.jar with filter ExtendsClassFilter [parents=[interface org.apache.jmeter.functions.Function], inner=false, contains=null, notContains=null]. Consider exposing JMeter plugins via META-INF/services, and add JMeter-Skip-Class-Scanning=true manifest attribute so JMeter can skip classfile scanning
2025-12-10 15:07:16,935 INFO o.a.j.r.ClassFinder: Will scan jar C:\apache-jmeter-5.6.3\lib\ext\jmeter-plugins-perfmon-2.1.jar with filter ExtendsClassFilter [parents=[interface org.apache.jmeter.functions.Function], inner=false, contains=null, notContains=null]. Consider exposing JMeter plugins via META-INF/services, and add JMeter-Skip-Class-Scanning=true manifest attribute so JMeter can skip classfile scanning
2025-12-10 15:07:16,943 INFO o.a.j.r.ClassFinder: Will scan jar C:\apache-jmeter-5.6.3\lib\ext\jmeter-plugins-manager-1.11.jar with filter ExtendsClassFilter [parents=[interface org.apache.jmeter.functions.Function], inner=false, contains=null, notContains=null]. Consider exposing JMeter plugins via META-INF/services, and add JMeter-Skip-Class-Scanning=true manifest attribute so JMeter can skip classfile scanning
2025-12-10 15:07:17,067 INFO o.a.j.r.ClassFinder: Will scan jar C:\apache-jmeter-5.6.3\lib\ext\opentelemetry-sdk-common-1.56.0.jar with filter ExtendsClassFilter [parents=[interface org.apache.jmeter.functions.Function], inner=false, contains=null, notContains=null]. Consider exposing JMeter plugins via META-INF/services, and add JMeter-Skip-Class-Scanning=true manifest attribute so JMeter can skip classfile scanning
2025-12-10 15:07:17,079 INFO o.a.j.r.ClassFinder: Will scan jar C:\apache-jmeter-5.6.3\lib\ext\jmeter-plugins-casutg-3.1.1.jar with filter ExtendsClassFilter [parents=[interface org.apache.jmeter.functions.Function], inner=false, contains=null, notContains=null]. Consider exposing JMeter plugins via META-INF/services, and add JMeter-Skip-Class-Scanning=true manifest attribute so JMeter can skip classfile scanning
2025-12-10 15:07:17,158 INFO o.a.j.JMeter: Running test (1765359437158)
2025-12-10 15:07:17,183 INFO o.a.j.e.StandardJMeterEngine: Starting ThreadGroup: 1 : Thread Group
2025-12-10 15:07:17,183 INFO o.a.j.e.StandardJMeterEngine: Starting 10 threads for group Thread Group.
2025-12-10 15:07:17,183 INFO o.a.j.e.StandardJMeterEngine: Thread will continue on error
2025-12-10 15:07:17,183 INFO o.a.j.t.ThreadGroup: Starting thread group... number=1 threads=10 ramp-up=120 delayedStart=false
2025-12-10 15:07:17,203 INFO o.a.j.t.ThreadGroup: Started thread group number 1
2025-12-10 15:07:17,203 INFO o.a.j.e.StandardJMeterEngine: All thread groups have been started
2025-12-10 15:07:17,205 INFO o.a.j.s.SampleResult: Note: Sample TimeStamps are START times
2025-12-10 15:07:17,206 INFO o.a.j.s.SampleResult: sampleresult.default.encoding is set to UTF-8
2025-12-10 15:07:17,206 INFO o.a.j.s.SampleResult: sampleresult.useNanoTime=true
2025-12-10 15:07:17,206 INFO o.a.j.s.SampleResult: sampleresult.nanoThreadSleep=5000
2025-12-10 15:07:17,252 INFO o.a.j.t.JMeterThread: Thread started: Thread Group 1-1
2025-12-10 15:07:17,254 INFO o.a.j.s.FileServer: Stored: D:/assessment3/assessment3/jmeter/data.csv
2025-12-10 15:07:17,284 INFO o.a.j.p.h.s.HTTPHCAbstractImpl: Local host = b8ba8b3224bb5fe
2025-12-10 15:07:17,289 INFO o.a.j.p.h.s.HTTPHC4Impl: HTTP request retry count = 0
2025-12-10 15:07:17,357 INFO o.a.j.p.h.s.h.LazyLayeredConnectionSocketFactory: Setting up HTTPS TrustAll Socket Factory
2025-12-10 15:07:17,363 INFO o.a.j.u.JsseSSLManager: Using default SSL protocol: TLS
2025-12-10 15:07:17,363 INFO o.a.j.u.JsseSSLManager: SSL session context: per-thread
2025-12-10 15:07:17,588 INFO o.a.j.u.SSLManager: JmeterKeyStore Location:  type JKS
2025-12-10 15:07:17,591 INFO o.a.j.u.SSLManager: KeyStore created OK
2025-12-10 15:07:17,591 WARN o.a.j.u.SSLManager: Keystore file not found, loading empty keystore
2025-12-10 15:07:29,248 INFO o.a.j.t.JMeterThread: Thread started: Thread Group 1-2
2025-12-10 15:07:30,311 INFO o.a.j.r.Summariser: summary +      3 in 00:00:13 =    0.2/s Avg:   859 Min:   311 Max:  1212 Err:     0 (0.00%) Active: 2 Started: 2 Finished: 0
2025-12-10 15:07:41,244 INFO o.a.j.t.JMeterThread: Thread started: Thread Group 1-3
2025-12-10 15:07:53,242 INFO o.a.j.t.JMeterThread: Thread started: Thread Group 1-4
2025-12-10 15:08:00,113 INFO o.a.j.r.Summariser: summary +      5 in 00:00:30 =    0.2/s Avg:   659 Min:   291 Max:  1412 Err:     0 (0.00%) Active: 4 Started: 4 Finished: 0
2025-12-10 15:08:00,114 INFO o.a.j.r.Summariser: summary =      8 in 00:00:43 =    0.2/s Avg:   734 Min:   291 Max:  1412 Err:     0 (0.00%)
2025-12-10 15:08:05,240 INFO o.a.j.t.JMeterThread: Thread started: Thread Group 1-5
2025-12-10 15:08:17,239 INFO o.a.j.t.JMeterThread: Thread started: Thread Group 1-6
2025-12-10 15:08:29,237 INFO o.a.j.t.JMeterThread: Thread started: Thread Group 1-7
2025-12-10 15:08:30,927 INFO o.a.j.r.Summariser: summary +      8 in 00:00:31 =    0.3/s Avg:  1770 Min:   312 Max:  5711 Err:     0 (0.00%) Active: 7 Started: 7 Finished: 0
2025-12-10 15:08:30,928 INFO o.a.j.r.Summariser: summary =     16 in 00:01:14 =    0.2/s Avg:  1252 Min:   291 Max:  5711 Err:     0 (0.00%)
2025-12-10 15:08:41,236 INFO o.a.j.t.JMeterThread: Thread started: Thread Group 1-8
2025-12-10 15:08:53,235 INFO o.a.j.t.JMeterThread: Thread started: Thread Group 1-9
2025-12-10 15:09:00,579 INFO o.a.j.r.Summariser: summary +     17 in 00:00:30 =    0.6/s Avg:  1260 Min:   285 Max:  4067 Err:     0 (0.00%) Active: 9 Started: 9 Finished: 0
2025-12-10 15:09:00,580 INFO o.a.j.r.Summariser: summary =     33 in 00:01:43 =    0.3/s Avg:  1256 Min:   285 Max:  5711 Err:     0 (0.00%)
2025-12-10 15:09:05,235 INFO o.a.j.t.JMeterThread: Thread started: Thread Group 1-10
2025-12-10 15:09:30,509 INFO o.a.j.r.Summariser: summary +     20 in 00:00:30 =    0.7/s Avg:   887 Min:   286 Max:  2786 Err:     0 (0.00%) Active: 10 Started: 10 Finished: 0
2025-12-10 15:09:30,511 INFO o.a.j.r.Summariser: summary =     53 in 00:02:13 =    0.4/s Avg:  1117 Min:   285 Max:  5711 Err:     0 (0.00%)
2025-12-10 15:09:30,514 WARN o.a.j.p.h.s.HTTPSamplerBase: Existing CookieManager HTTP Cookie Manager superseded by HTTP Cookie Manager
2025-12-10 15:09:33,483 WARN o.a.j.p.h.s.HTTPSamplerBase: Existing CookieManager HTTP Cookie Manager superseded by HTTP Cookie Manager
2025-12-10 15:09:34,311 WARN o.a.j.p.h.s.HTTPSamplerBase: Existing CookieManager HTTP Cookie Manager superseded by HTTP Cookie Manager
2025-12-10 15:09:35,281 WARN o.a.j.p.h.s.HTTPSamplerBase: Existing CookieManager HTTP Cookie Manager superseded by HTTP Cookie Manager
2025-12-10 15:09:39,001 WARN o.a.j.p.h.s.HTTPSamplerBase: Existing CookieManager HTTP Cookie Manager superseded by HTTP Cookie Manager
2025-12-10 15:09:40,930 WARN o.a.j.p.h.s.HTTPSamplerBase: Existing CookieManager HTTP Cookie Manager superseded by HTTP Cookie Manager
2025-12-10 15:09:44,298 WARN o.a.j.p.h.s.HTTPSamplerBase: Existing CookieManager HTTP Cookie Manager superseded by HTTP Cookie Manager
2025-12-10 15:09:45,323 WARN o.a.j.p.h.s.HTTPSamplerBase: Existing CookieManager HTTP Cookie Manager superseded by HTTP Cookie Manager
2025-12-10 15:09:50,875 WARN o.a.j.p.h.s.HTTPSamplerBase: Existing CookieManager HTTP Cookie Manager superseded by HTTP Cookie Manager
2025-12-10 15:09:56,438 WARN o.a.j.p.h.s.HTTPSamplerBase: Existing CookieManager HTTP Cookie Manager superseded by HTTP Cookie Manager
2025-12-10 15:09:57,146 WARN o.a.j.p.h.s.HTTPSamplerBase: Existing CookieManager HTTP Cookie Manager superseded by HTTP Cookie Manager
2025-12-10 15:10:00,470 INFO o.a.j.r.Summariser: summary +     29 in 00:00:30 =    1.0/s Avg:  1089 Min:   306 Max:  4864 Err:     0 (0.00%) Active: 10 Started: 10 Finished: 0
2025-12-10 15:10:00,471 INFO o.a.j.r.Summariser: summary =     82 in 00:02:43 =    0.5/s Avg:  1107 Min:   285 Max:  5711 Err:     0 (0.00%)
2025-12-10 15:10:03,129 WARN o.a.j.p.h.s.HTTPSamplerBase: Existing CookieManager HTTP Cookie Manager superseded by HTTP Cookie Manager
2025-12-10 15:10:15,070 WARN o.a.j.p.h.s.HTTPSamplerBase: Existing CookieManager HTTP Cookie Manager superseded by HTTP Cookie Manager
2025-12-10 15:10:16,280 WARN o.a.j.p.h.s.HTTPSamplerBase: Existing CookieManager HTTP Cookie Manager superseded by HTTP Cookie Manager
2025-12-10 15:10:26,890 WARN o.a.j.p.h.s.HTTPSamplerBase: Existing CookieManager HTTP Cookie Manager superseded by HTTP Cookie Manager
2025-12-10 15:10:28,225 WARN o.a.j.p.h.s.HTTPSamplerBase: Existing CookieManager HTTP Cookie Manager superseded by HTTP Cookie Manager
2025-12-10 15:10:29,869 WARN o.a.j.p.h.s.HTTPSamplerBase: Existing CookieManager HTTP Cookie Manager superseded by HTTP Cookie Manager
2025-12-10 15:10:31,273 INFO o.a.j.r.Summariser: summary +     17 in 00:00:31 =    0.6/s Avg:  3074 Min:   738 Max: 11619 Err:     0 (0.00%) Active: 10 Started: 10 Finished: 0
2025-12-10 15:10:31,275 INFO o.a.j.r.Summariser: summary =     99 in 00:03:14 =    0.5/s Avg:  1445 Min:   285 Max: 11619 Err:     0 (0.00%)
2025-12-10 15:10:31,359 WARN o.a.j.p.h.s.HTTPSamplerBase: Existing CookieManager HTTP Cookie Manager superseded by HTTP Cookie Manager
2025-12-10 15:10:37,706 WARN o.a.j.p.h.s.HTTPSamplerBase: Existing CookieManager HTTP Cookie Manager superseded by HTTP Cookie Manager
2025-12-10 15:10:39,220 WARN o.a.j.p.h.s.HTTPSamplerBase: Existing CookieManager HTTP Cookie Manager superseded by HTTP Cookie Manager
2025-12-10 15:10:39,855 WARN o.a.j.p.h.s.HTTPSamplerBase: Existing CookieManager HTTP Cookie Manager superseded by HTTP Cookie Manager
2025-12-10 15:10:39,940 WARN o.a.j.p.h.s.HTTPSamplerBase: Existing CookieManager HTTP Cookie Manager superseded by HTTP Cookie Manager
2025-12-10 15:10:40,537 WARN o.a.j.p.h.s.HTTPSamplerBase: Existing CookieManager HTTP Cookie Manager superseded by HTTP Cookie Manager
2025-12-10 15:10:40,945 WARN o.a.j.p.h.s.HTTPSamplerBase: Existing CookieManager HTTP Cookie Manager superseded by HTTP Cookie Manager
2025-12-10 15:10:42,841 WARN o.a.j.p.h.s.HTTPSamplerBase: Existing CookieManager HTTP Cookie Manager superseded by HTTP Cookie Manager
2025-12-10 15:10:44,701 WARN o.a.j.p.h.s.HTTPSamplerBase: Existing CookieManager HTTP Cookie Manager superseded by HTTP Cookie Manager
2025-12-10 15:10:45,184 WARN o.a.j.p.h.s.HTTPSamplerBase: Existing CookieManager HTTP Cookie Manager superseded by HTTP Cookie Manager
2025-12-10 15:10:47,063 WARN o.a.j.p.h.s.HTTPSamplerBase: Existing CookieManager HTTP Cookie Manager superseded by HTTP Cookie Manager
2025-12-10 15:10:49,963 WARN o.a.j.p.h.s.HTTPSamplerBase: Existing CookieManager HTTP Cookie Manager superseded by HTTP Cookie Manager
2025-12-10 15:10:52,213 WARN o.a.j.p.h.s.HTTPSamplerBase: Existing CookieManager HTTP Cookie Manager superseded by HTTP Cookie Manager
2025-12-10 15:10:54,518 WARN o.a.j.p.h.s.HTTPSamplerBase: Existing CookieManager HTTP Cookie Manager superseded by HTTP Cookie Manager
2025-12-10 15:10:54,529 WARN o.a.j.p.h.s.HTTPSamplerBase: Existing CookieManager HTTP Cookie Manager superseded by HTTP Cookie Manager
2025-12-10 15:10:55,558 WARN o.a.j.p.h.s.HTTPSamplerBase: Existing CookieManager HTTP Cookie Manager superseded by HTTP Cookie Manager
2025-12-10 15:11:01,962 INFO o.a.j.r.Summariser: summary +     23 in 00:00:31 =    0.7/s Avg:  2985 Min:   928 Max:  9487 Err:     0 (0.00%) Active: 10 Started: 10 Finished: 0
2025-12-10 15:11:01,962 INFO o.a.j.r.Summariser: summary =    122 in 00:03:45 =    0.5/s Avg:  1735 Min:   285 Max: 11619 Err:     0 (0.00%)
2025-12-10 15:11:01,965 WARN o.a.j.p.h.s.HTTPSamplerBase: Existing CookieManager HTTP Cookie Manager superseded by HTTP Cookie Manager
2025-12-10 15:11:05,442 WARN o.a.j.p.h.s.HTTPSamplerBase: Existing CookieManager HTTP Cookie Manager superseded by HTTP Cookie Manager
2025-12-10 15:11:07,723 WARN o.a.j.p.h.s.HTTPSamplerBase: Existing CookieManager HTTP Cookie Manager superseded by HTTP Cookie Manager
2025-12-10 15:11:09,463 WARN o.a.j.p.h.s.HTTPSamplerBase: Existing CookieManager HTTP Cookie Manager superseded by HTTP Cookie Manager
2025-12-10 15:11:10,679 WARN o.a.j.p.h.s.HTTPSamplerBase: Existing CookieManager HTTP Cookie Manager superseded by HTTP Cookie Manager
2025-12-10 15:11:12,286 WARN o.a.j.p.h.s.HTTPSamplerBase: Existing CookieManager HTTP Cookie Manager superseded by HTTP Cookie Manager
2025-12-10 15:11:15,853 WARN o.a.j.p.h.s.HTTPSamplerBase: Existing CookieManager HTTP Cookie Manager superseded by HTTP Cookie Manager
2025-12-10 15:11:17,410 WARN o.a.j.p.h.s.HTTPSamplerBase: Existing CookieManager HTTP Cookie Manager superseded by HTTP Cookie Manager
2025-12-10 15:11:18,669 WARN o.a.j.p.h.s.HTTPSamplerBase: Existing CookieManager HTTP Cookie Manager superseded by HTTP Cookie Manager
2025-12-10 15:11:18,760 WARN o.a.j.p.h.s.HTTPSamplerBase: Existing CookieManager HTTP Cookie Manager superseded by HTTP Cookie Manager
2025-12-10 15:11:19,191 WARN o.a.j.p.h.s.HTTPSamplerBase: Existing CookieManager HTTP Cookie Manager superseded by HTTP Cookie Manager
2025-12-10 15:11:26,423 WARN o.a.j.p.h.s.HTTPSamplerBase: Existing CookieManager HTTP Cookie Manager superseded by HTTP Cookie Manager
2025-12-10 15:11:28,080 WARN o.a.j.p.h.s.HTTPSamplerBase: Existing CookieManager HTTP Cookie Manager superseded by HTTP Cookie Manager
2025-12-10 15:11:29,847 WARN o.a.j.p.h.s.HTTPSamplerBase: Existing CookieManager HTTP Cookie Manager superseded by HTTP Cookie Manager
2025-12-10 15:11:31,114 INFO o.a.j.r.Summariser: summary +     16 in 00:00:29 =    0.5/s Avg:  4276 Min:  1266 Max: 10864 Err:     0 (0.00%) Active: 10 Started: 10 Finished: 0
2025-12-10 15:11:31,118 INFO o.a.j.r.Summariser: summary =    138 in 00:04:14 =    0.5/s Avg:  2030 Min:   285 Max: 11619 Err:     0 (0.00%)
2025-12-10 15:11:31,120 WARN o.a.j.p.h.s.HTTPSamplerBase: Existing CookieManager HTTP Cookie Manager superseded by HTTP Cookie Manager
2025-12-10 15:11:31,745 WARN o.a.j.p.h.s.HTTPSamplerBase: Existing CookieManager HTTP Cookie Manager superseded by HTTP Cookie Manager
2025-12-10 15:11:32,252 WARN o.a.j.p.h.s.HTTPSamplerBase: Existing CookieManager HTTP Cookie Manager superseded by HTTP Cookie Manager
2025-12-10 15:11:34,621 WARN o.a.j.p.h.s.HTTPSamplerBase: Existing CookieManager HTTP Cookie Manager superseded by HTTP Cookie Manager
2025-12-10 15:11:35,756 WARN o.a.j.p.h.s.HTTPSamplerBase: Existing CookieManager HTTP Cookie Manager superseded by HTTP Cookie Manager
2025-12-10 15:11:35,766 WARN o.a.j.p.h.s.HTTPSamplerBase: Existing CookieManager HTTP Cookie Manager superseded by HTTP Cookie Manager
2025-12-10 15:11:37,787 WARN o.a.j.p.h.s.HTTPSamplerBase: Existing CookieManager HTTP Cookie Manager superseded by HTTP Cookie Manager
2025-12-10 15:11:38,975 WARN o.a.j.p.h.s.HTTPSamplerBase: Existing CookieManager HTTP Cookie Manager superseded by HTTP Cookie Manager
2025-12-10 15:11:39,004 WARN o.a.j.p.h.s.HTTPSamplerBase: Existing CookieManager HTTP Cookie Manager superseded by HTTP Cookie Manager
2025-12-10 15:11:41,189 WARN o.a.j.p.h.s.HTTPSamplerBase: Existing CookieManager HTTP Cookie Manager superseded by HTTP Cookie Manager
2025-12-10 15:11:42,373 WARN o.a.j.p.h.s.HTTPSamplerBase: Existing CookieManager HTTP Cookie Manager superseded by HTTP Cookie Manager
2025-12-10 15:11:43,667 WARN o.a.j.p.h.s.HTTPSamplerBase: Existing CookieManager HTTP Cookie Manager superseded by HTTP Cookie Manager
2025-12-10 15:11:46,661 WARN o.a.j.p.h.s.HTTPSamplerBase: Existing CookieManager HTTP Cookie Manager superseded by HTTP Cookie Manager
2025-12-10 15:11:50,628 WARN o.a.j.p.h.s.HTTPSamplerBase: Existing CookieManager HTTP Cookie Manager superseded by HTTP Cookie Manager
2025-12-10 15:11:52,366 WARN o.a.j.p.h.s.HTTPSamplerBase: Existing CookieManager HTTP Cookie Manager superseded by HTTP Cookie Manager
2025-12-10 15:11:53,375 WARN o.a.j.p.h.s.HTTPSamplerBase: Existing CookieManager HTTP Cookie Manager superseded by HTTP Cookie Manager
2025-12-10 15:11:54,180 WARN o.a.j.p.h.s.HTTPSamplerBase: Existing CookieManager HTTP Cookie Manager superseded by HTTP Cookie Manager
2025-12-10 15:11:55,282 WARN o.a.j.p.h.s.HTTPSamplerBase: Existing CookieManager HTTP Cookie Manager superseded by HTTP Cookie Manager
2025-12-10 15:11:56,404 WARN o.a.j.p.h.s.HTTPSamplerBase: Existing CookieManager HTTP Cookie Manager superseded by HTTP Cookie Manager
2025-12-10 15:11:57,434 WARN o.a.j.p.h.s.HTTPSamplerBase: Existing CookieManager HTTP Cookie Manager superseded by HTTP Cookie Manager
2025-12-10 15:11:58,667 WARN o.a.j.p.h.s.HTTPSamplerBase: Existing CookieManager HTTP Cookie Manager superseded by HTTP Cookie Manager
2025-12-10 15:11:59,843 WARN o.a.j.p.h.s.HTTPSamplerBase: Existing CookieManager HTTP Cookie Manager superseded by HTTP Cookie Manager
2025-12-10 15:12:00,326 INFO o.a.j.r.Summariser: summary +     22 in 00:00:29 =    0.8/s Avg:  4275 Min:  1456 Max: 10825 Err:     0 (0.00%) Active: 10 Started: 10 Finished: 0
2025-12-10 15:12:00,327 INFO o.a.j.r.Summariser: summary =    160 in 00:04:43 =    0.6/s Avg:  2339 Min:   285 Max: 11619 Err:     0 (0.00%)
2025-12-10 15:12:00,328 WARN o.a.j.p.h.s.HTTPSamplerBase: Existing CookieManager HTTP Cookie Manager superseded by HTTP Cookie Manager
2025-12-10 15:12:04,632 WARN o.a.j.p.h.s.HTTPSamplerBase: Existing CookieManager HTTP Cookie Manager superseded by HTTP Cookie Manager
2025-12-10 15:12:06,151 WARN o.a.j.p.h.s.HTTPSamplerBase: Existing CookieManager HTTP Cookie Manager superseded by HTTP Cookie Manager
2025-12-10 15:12:08,128 WARN o.a.j.p.h.s.HTTPSamplerBase: Existing CookieManager HTTP Cookie Manager superseded by HTTP Cookie Manager
2025-12-10 15:12:08,884 WARN o.a.j.p.h.s.HTTPSamplerBase: Existing CookieManager HTTP Cookie Manager superseded by HTTP Cookie Manager
2025-12-10 15:12:08,928 WARN o.a.j.p.h.s.HTTPSamplerBase: Existing CookieManager HTTP Cookie Manager superseded by HTTP Cookie Manager
2025-12-10 15:12:13,331 WARN o.a.j.p.h.s.HTTPSamplerBase: Existing CookieManager HTTP Cookie Manager superseded by HTTP Cookie Manager
2025-12-10 15:12:14,103 WARN o.a.j.p.h.s.HTTPSamplerBase: Existing CookieManager HTTP Cookie Manager superseded by HTTP Cookie Manager
2025-12-10 15:12:16,507 WARN o.a.j.p.h.s.HTTPSamplerBase: Existing CookieManager HTTP Cookie Manager superseded by HTTP Cookie Manager
2025-12-10 15:12:17,924 WARN o.a.j.p.h.s.HTTPSamplerBase: Existing CookieManager HTTP Cookie Manager superseded by HTTP Cookie Manager
2025-12-10 15:12:18,726 WARN o.a.j.p.h.s.HTTPSamplerBase: Existing CookieManager HTTP Cookie Manager superseded by HTTP Cookie Manager
2025-12-10 15:12:22,377 WARN o.a.j.p.h.s.HTTPSamplerBase: Existing CookieManager HTTP Cookie Manager superseded by HTTP Cookie Manager
2025-12-10 15:12:23,323 WARN o.a.j.p.h.s.HTTPSamplerBase: Existing CookieManager HTTP Cookie Manager superseded by HTTP Cookie Manager
2025-12-10 15:12:24,972 WARN o.a.j.p.h.s.HTTPSamplerBase: Existing CookieManager HTTP Cookie Manager superseded by HTTP Cookie Manager
2025-12-10 15:12:25,351 WARN o.a.j.p.h.s.HTTPSamplerBase: Existing CookieManager HTTP Cookie Manager superseded by HTTP Cookie Manager
2025-12-10 15:12:26,146 WARN o.a.j.p.h.s.HTTPSamplerBase: Existing CookieManager HTTP Cookie Manager superseded by HTTP Cookie Manager
2025-12-10 15:12:29,927 WARN o.a.j.p.h.s.HTTPSamplerBase: Existing CookieManager HTTP Cookie Manager superseded by HTTP Cookie Manager
2025-12-10 15:12:32,525 INFO o.a.j.r.Summariser: summary +     17 in 00:00:32 =    0.5/s Avg:  5837 Min:  3737 Max: 10196 Err:     0 (0.00%) Active: 10 Started: 10 Finished: 0
2025-12-10 15:12:32,526 INFO o.a.j.r.Summariser: summary =    177 in 00:05:15 =    0.6/s Avg:  2675 Min:   285 Max: 11619 Err:     0 (0.00%)
2025-12-10 15:12:32,528 WARN o.a.j.p.h.s.HTTPSamplerBase: Existing CookieManager HTTP Cookie Manager superseded by HTTP Cookie Manager
2025-12-10 15:12:33,337 WARN o.a.j.p.h.s.HTTPSamplerBase: Existing CookieManager HTTP Cookie Manager superseded by HTTP Cookie Manager
2025-12-10 15:12:36,413 WARN o.a.j.p.h.s.HTTPSamplerBase: Existing CookieManager HTTP Cookie Manager superseded by HTTP Cookie Manager
2025-12-10 15:12:37,140 WARN o.a.j.p.h.s.HTTPSamplerBase: Existing CookieManager HTTP Cookie Manager superseded by HTTP Cookie Manager
2025-12-10 15:12:37,591 WARN o.a.j.p.h.s.HTTPSamplerBase: Existing CookieManager HTTP Cookie Manager superseded by HTTP Cookie Manager
2025-12-10 15:12:42,813 WARN o.a.j.p.h.s.HTTPSamplerBase: Existing CookieManager HTTP Cookie Manager superseded by HTTP Cookie Manager
2025-12-10 15:12:45,935 WARN o.a.j.p.h.s.HTTPSamplerBase: Existing CookieManager HTTP Cookie Manager superseded by HTTP Cookie Manager
2025-12-10 15:12:46,367 WARN o.a.j.p.h.s.HTTPSamplerBase: Existing CookieManager HTTP Cookie Manager superseded by HTTP Cookie Manager
2025-12-10 15:12:46,608 WARN o.a.j.p.h.s.HTTPSamplerBase: Existing CookieManager HTTP Cookie Manager superseded by HTTP Cookie Manager
2025-12-10 15:12:50,096 WARN o.a.j.p.h.s.HTTPSamplerBase: Existing CookieManager HTTP Cookie Manager superseded by HTTP Cookie Manager
2025-12-10 15:12:52,986 WARN o.a.j.p.h.s.HTTPSamplerBase: Existing CookieManager HTTP Cookie Manager superseded by HTTP Cookie Manager
2025-12-10 15:12:56,510 WARN o.a.j.p.h.s.HTTPSamplerBase: Existing CookieManager HTTP Cookie Manager superseded by HTTP Cookie Manager
2025-12-10 15:12:59,044 WARN o.a.j.p.h.s.HTTPSamplerBase: Existing CookieManager HTTP Cookie Manager superseded by HTTP Cookie Manager
2025-12-10 15:13:01,640 INFO o.a.j.r.Summariser: summary +     13 in 00:00:29 =    0.4/s Avg:  8057 Min:  5025 Max: 16675 Err:     0 (0.00%) Active: 10 Started: 10 Finished: 0
2025-12-10 15:13:01,641 INFO o.a.j.r.Summariser: summary =    190 in 00:05:44 =    0.6/s Avg:  3043 Min:   285 Max: 16675 Err:     0 (0.00%)
2025-12-10 15:13:01,642 WARN o.a.j.p.h.s.HTTPSamplerBase: Existing CookieManager HTTP Cookie Manager superseded by HTTP Cookie Manager
2025-12-10 15:13:01,837 WARN o.a.j.p.h.s.HTTPSamplerBase: Existing CookieManager HTTP Cookie Manager superseded by HTTP Cookie Manager
2025-12-10 15:13:01,989 WARN o.a.j.p.h.s.HTTPSamplerBase: Existing CookieManager HTTP Cookie Manager superseded by HTTP Cookie Manager
2025-12-10 15:13:02,051 WARN o.a.j.p.h.s.HTTPSamplerBase: Existing CookieManager HTTP Cookie Manager superseded by HTTP Cookie Manager
2025-12-10 15:13:03,518 WARN o.a.j.p.h.s.HTTPSamplerBase: Existing CookieManager HTTP Cookie Manager superseded by HTTP Cookie Manager
2025-12-10 15:13:05,502 WARN o.a.j.p.h.s.HTTPSamplerBase: Existing CookieManager HTTP Cookie Manager superseded by HTTP Cookie Manager
2025-12-10 15:13:06,706 WARN o.a.j.p.h.s.HTTPSamplerBase: Existing CookieManager HTTP Cookie Manager superseded by HTTP Cookie Manager
2025-12-10 15:13:07,499 WARN o.a.j.p.h.s.HTTPSamplerBase: Existing CookieManager HTTP Cookie Manager superseded by HTTP Cookie Manager
2025-12-10 15:13:08,790 WARN o.a.j.p.h.s.HTTPSamplerBase: Existing CookieManager HTTP Cookie Manager superseded by HTTP Cookie Manager
2025-12-10 15:13:12,210 WARN o.a.j.p.h.s.HTTPSamplerBase: Existing CookieManager HTTP Cookie Manager superseded by HTTP Cookie Manager
2025-12-10 15:13:18,286 WARN o.a.j.p.h.s.HTTPSamplerBase: Existing CookieManager HTTP Cookie Manager superseded by HTTP Cookie Manager
2025-12-10 15:13:20,149 WARN o.a.j.p.h.s.HTTPSamplerBase: Existing CookieManager HTTP Cookie Manager superseded by HTTP Cookie Manager
2025-12-10 15:13:20,232 WARN o.a.j.p.h.s.HTTPSamplerBase: Existing CookieManager HTTP Cookie Manager superseded by HTTP Cookie Manager
2025-12-10 15:13:22,027 WARN o.a.j.p.h.s.HTTPSamplerBase: Existing CookieManager HTTP Cookie Manager superseded by HTTP Cookie Manager
2025-12-10 15:13:22,429 WARN o.a.j.p.h.s.HTTPSamplerBase: Existing CookieManager HTTP Cookie Manager superseded by HTTP Cookie Manager
2025-12-10 15:13:22,488 WARN o.a.j.p.h.s.HTTPSamplerBase: Existing CookieManager HTTP Cookie Manager superseded by HTTP Cookie Manager
2025-12-10 15:13:24,529 WARN o.a.j.p.h.s.HTTPSamplerBase: Existing CookieManager HTTP Cookie Manager superseded by HTTP Cookie Manager
2025-12-10 15:13:26,290 WARN o.a.j.p.h.s.HTTPSamplerBase: Existing CookieManager HTTP Cookie Manager superseded by HTTP Cookie Manager
2025-12-10 15:13:26,561 WARN o.a.j.p.h.s.HTTPSamplerBase: Existing CookieManager HTTP Cookie Manager superseded by HTTP Cookie Manager
2025-12-10 15:13:27,471 WARN o.a.j.p.h.s.HTTPSamplerBase: Existing CookieManager HTTP Cookie Manager superseded by HTTP Cookie Manager
2025-12-10 15:13:28,593 WARN o.a.j.p.h.s.HTTPSamplerBase: Existing CookieManager HTTP Cookie Manager superseded by HTTP Cookie Manager
2025-12-10 15:13:28,763 WARN o.a.j.p.h.s.HTTPSamplerBase: Existing CookieManager HTTP Cookie Manager superseded by HTTP Cookie Manager
2025-12-10 15:13:29,057 WARN o.a.j.p.h.s.HTTPSamplerBase: Existing CookieManager HTTP Cookie Manager superseded by HTTP Cookie Manager
2025-12-10 15:13:34,124 INFO o.a.j.r.Summariser: summary +     23 in 00:00:32 =    0.7/s Avg:  6304 Min:  3582 Max: 10972 Err:     0 (0.00%) Active: 10 Started: 10 Finished: 0
2025-12-10 15:13:34,125 INFO o.a.j.r.Summariser: summary =    213 in 00:06:17 =    0.6/s Avg:  3395 Min:   285 Max: 16675 Err:     0 (0.00%)
2025-12-10 15:13:34,128 WARN o.a.j.p.h.s.HTTPSamplerBase: Existing CookieManager HTTP Cookie Manager superseded by HTTP Cookie Manager
2025-12-10 15:13:36,711 WARN o.a.j.p.h.s.HTTPSamplerBase: Existing CookieManager HTTP Cookie Manager superseded by HTTP Cookie Manager
2025-12-10 15:13:37,971 WARN o.a.j.p.h.s.HTTPSamplerBase: Existing CookieManager HTTP Cookie Manager superseded by HTTP Cookie Manager
2025-12-10 15:13:39,322 WARN o.a.j.p.h.s.HTTPSamplerBase: Existing CookieManager HTTP Cookie Manager superseded by HTTP Cookie Manager
2025-12-10 15:13:39,376 WARN o.a.j.p.h.s.HTTPSamplerBase: Existing CookieManager HTTP Cookie Manager superseded by HTTP Cookie Manager
2025-12-10 15:13:43,117 WARN o.a.j.p.h.s.HTTPSamplerBase: Existing CookieManager HTTP Cookie Manager superseded by HTTP Cookie Manager
2025-12-10 15:13:43,366 WARN o.a.j.p.h.s.HTTPSamplerBase: Existing CookieManager HTTP Cookie Manager superseded by HTTP Cookie Manager
2025-12-10 15:13:48,984 WARN o.a.j.p.h.s.HTTPSamplerBase: Existing CookieManager HTTP Cookie Manager superseded by HTTP Cookie Manager
2025-12-10 15:13:50,110 WARN o.a.j.p.h.s.HTTPSamplerBase: Existing CookieManager HTTP Cookie Manager superseded by HTTP Cookie Manager
2025-12-10 15:13:50,255 WARN o.a.j.p.h.s.HTTPSamplerBase: Existing CookieManager HTTP Cookie Manager superseded by HTTP Cookie Manager
2025-12-10 15:13:52,513 WARN o.a.j.p.h.s.HTTPSamplerBase: Existing CookieManager HTTP Cookie Manager superseded by HTTP Cookie Manager
2025-12-10 15:13:52,633 WARN o.a.j.p.h.s.HTTPSamplerBase: Existing CookieManager HTTP Cookie Manager superseded by HTTP Cookie Manager
2025-12-10 15:13:54,023 WARN o.a.j.p.h.s.HTTPSamplerBase: Existing CookieManager HTTP Cookie Manager superseded by HTTP Cookie Manager
2025-12-10 15:13:54,625 WARN o.a.j.p.h.s.HTTPSamplerBase: Existing CookieManager HTTP Cookie Manager superseded by HTTP Cookie Manager
2025-12-10 15:13:55,204 WARN o.a.j.p.h.s.HTTPSamplerBase: Existing CookieManager HTTP Cookie Manager superseded by HTTP Cookie Manager
2025-12-10 15:13:58,700 WARN o.a.j.p.h.s.HTTPSamplerBase: Existing CookieManager HTTP Cookie Manager superseded by HTTP Cookie Manager
2025-12-10 15:13:59,502 WARN o.a.j.p.h.s.HTTPSamplerBase: Existing CookieManager HTTP Cookie Manager superseded by HTTP Cookie Manager
2025-12-10 15:14:01,171 INFO o.a.j.r.Summariser: summary +     17 in 00:00:27 =    0.6/s Avg:  4108 Min:  1564 Max:  8744 Err:     0 (0.00%) Active: 10 Started: 10 Finished: 0
2025-12-10 15:14:01,172 INFO o.a.j.r.Summariser: summary =    230 in 00:06:44 =    0.6/s Avg:  3448 Min:   285 Max: 16675 Err:     0 (0.00%)
2025-12-10 15:14:01,173 WARN o.a.j.p.h.s.HTTPSamplerBase: Existing CookieManager HTTP Cookie Manager superseded by HTTP Cookie Manager
2025-12-10 15:14:01,383 WARN o.a.j.p.h.s.HTTPSamplerBase: Existing CookieManager HTTP Cookie Manager superseded by HTTP Cookie Manager
2025-12-10 15:14:02,124 WARN o.a.j.p.h.s.HTTPSamplerBase: Existing CookieManager HTTP Cookie Manager superseded by HTTP Cookie Manager
2025-12-10 15:14:03,193 WARN o.a.j.p.h.s.HTTPSamplerBase: Existing CookieManager HTTP Cookie Manager superseded by HTTP Cookie Manager
2025-12-10 15:14:07,926 WARN o.a.j.p.h.s.HTTPSamplerBase: Existing CookieManager HTTP Cookie Manager superseded by HTTP Cookie Manager
2025-12-10 15:14:10,477 WARN o.a.j.p.h.s.HTTPSamplerBase: Existing CookieManager HTTP Cookie Manager superseded by HTTP Cookie Manager
2025-12-10 15:14:11,082 WARN o.a.j.p.h.s.HTTPSamplerBase: Existing CookieManager HTTP Cookie Manager superseded by HTTP Cookie Manager
2025-12-10 15:14:11,607 WARN o.a.j.p.h.s.HTTPSamplerBase: Existing CookieManager HTTP Cookie Manager superseded by HTTP Cookie Manager
2025-12-10 15:14:13,023 WARN o.a.j.p.h.s.HTTPSamplerBase: Existing CookieManager HTTP Cookie Manager superseded by HTTP Cookie Manager
2025-12-10 15:14:15,563 WARN o.a.j.p.h.s.HTTPSamplerBase: Existing CookieManager HTTP Cookie Manager superseded by HTTP Cookie Manager
2025-12-10 15:14:19,481 WARN o.a.j.p.h.s.HTTPSamplerBase: Existing CookieManager HTTP Cookie Manager superseded by HTTP Cookie Manager
2025-12-10 15:14:20,844 WARN o.a.j.p.h.s.HTTPSamplerBase: Existing CookieManager HTTP Cookie Manager superseded by HTTP Cookie Manager
2025-12-10 15:14:21,973 WARN o.a.j.p.h.s.HTTPSamplerBase: Existing CookieManager HTTP Cookie Manager superseded by HTTP Cookie Manager
2025-12-10 15:14:22,332 WARN o.a.j.p.h.s.HTTPSamplerBase: Existing CookieManager HTTP Cookie Manager superseded by HTTP Cookie Manager
2025-12-10 15:14:23,227 WARN o.a.j.p.h.s.HTTPSamplerBase: Existing CookieManager HTTP Cookie Manager superseded by HTTP Cookie Manager
2025-12-10 15:14:24,396 WARN o.a.j.p.h.s.HTTPSamplerBase: Existing CookieManager HTTP Cookie Manager superseded by HTTP Cookie Manager
2025-12-10 15:14:24,595 WARN o.a.j.p.h.s.HTTPSamplerBase: Existing CookieManager HTTP Cookie Manager superseded by HTTP Cookie Manager
2025-12-10 15:14:27,202 WARN o.a.j.p.h.s.HTTPSamplerBase: Existing CookieManager HTTP Cookie Manager superseded by HTTP Cookie Manager
2025-12-10 15:14:28,499 WARN o.a.j.p.h.s.HTTPSamplerBase: Existing CookieManager HTTP Cookie Manager superseded by HTTP Cookie Manager
2025-12-10 15:14:32,037 INFO o.a.j.r.Summariser: summary +     19 in 00:00:31 =    0.6/s Avg:  2623 Min:  1601 Max:  5172 Err:     0 (0.00%) Active: 10 Started: 10 Finished: 0
2025-12-10 15:14:32,037 INFO o.a.j.r.Summariser: summary =    249 in 00:07:15 =    0.6/s Avg:  3385 Min:   285 Max: 16675 Err:     0 (0.00%)
2025-12-10 15:14:32,038 WARN o.a.j.p.h.s.HTTPSamplerBase: Existing CookieManager HTTP Cookie Manager superseded by HTTP Cookie Manager
2025-12-10 15:14:34,032 INFO o.a.j.t.JMeterThread: Thread is done: Thread Group 1-1
2025-12-10 15:14:34,033 INFO o.a.j.t.JMeterThread: Thread finished: Thread Group 1-1
2025-12-10 15:14:35,096 WARN o.a.j.p.h.s.HTTPSamplerBase: Existing CookieManager HTTP Cookie Manager superseded by HTTP Cookie Manager
2025-12-10 15:14:35,315 WARN o.a.j.p.h.s.HTTPSamplerBase: Existing CookieManager HTTP Cookie Manager superseded by HTTP Cookie Manager
2025-12-10 15:14:35,370 INFO o.a.j.t.JMeterThread: Thread is done: Thread Group 1-2
2025-12-10 15:14:35,370 INFO o.a.j.t.JMeterThread: Thread finished: Thread Group 1-2
2025-12-10 15:14:38,312 WARN o.a.j.p.h.s.HTTPSamplerBase: Existing CookieManager HTTP Cookie Manager superseded by HTTP Cookie Manager
2025-12-10 15:14:40,056 WARN o.a.j.p.h.s.HTTPSamplerBase: Existing CookieManager HTTP Cookie Manager superseded by HTTP Cookie Manager
2025-12-10 15:14:42,458 WARN o.a.j.p.h.s.HTTPSamplerBase: Existing CookieManager HTTP Cookie Manager superseded by HTTP Cookie Manager
2025-12-10 15:14:42,555 WARN o.a.j.p.h.s.HTTPSamplerBase: Existing CookieManager HTTP Cookie Manager superseded by HTTP Cookie Manager
2025-12-10 15:14:43,861 WARN o.a.j.p.h.s.HTTPSamplerBase: Existing CookieManager HTTP Cookie Manager superseded by HTTP Cookie Manager
2025-12-10 15:14:48,207 WARN o.a.j.p.h.s.HTTPSamplerBase: Existing CookieManager HTTP Cookie Manager superseded by HTTP Cookie Manager
2025-12-10 15:14:49,371 WARN o.a.j.p.h.s.HTTPSamplerBase: Existing CookieManager HTTP Cookie Manager superseded by HTTP Cookie Manager
2025-12-10 15:14:49,479 WARN o.a.j.p.h.s.HTTPSamplerBase: Existing CookieManager HTTP Cookie Manager superseded by HTTP Cookie Manager
2025-12-10 15:14:51,375 INFO o.a.j.t.JMeterThread: Thread is done: Thread Group 1-3
2025-12-10 15:14:51,375 INFO o.a.j.t.JMeterThread: Thread finished: Thread Group 1-3
2025-12-10 15:14:52,903 WARN o.a.j.p.h.s.HTTPSamplerBase: Existing CookieManager HTTP Cookie Manager superseded by HTTP Cookie Manager
2025-12-10 15:14:53,641 WARN o.a.j.p.h.s.HTTPSamplerBase: Existing CookieManager HTTP Cookie Manager superseded by HTTP Cookie Manager
2025-12-10 15:14:57,139 WARN o.a.j.p.h.s.HTTPSamplerBase: Existing CookieManager HTTP Cookie Manager superseded by HTTP Cookie Manager
2025-12-10 15:15:00,282 INFO o.a.j.r.Summariser: summary +     17 in 00:00:28 =    0.6/s Avg:  2387 Min:   448 Max:  9767 Err:     0 (0.00%) Active: 7 Started: 10 Finished: 3
2025-12-10 15:15:00,283 INFO o.a.j.r.Summariser: summary =    266 in 00:07:43 =    0.6/s Avg:  3321 Min:   285 Max: 16675 Err:     0 (0.00%)
2025-12-10 15:15:00,284 WARN o.a.j.p.h.s.HTTPSamplerBase: Existing CookieManager HTTP Cookie Manager superseded by HTTP Cookie Manager
2025-12-10 15:15:00,706 WARN o.a.j.p.h.s.HTTPSamplerBase: Existing CookieManager HTTP Cookie Manager superseded by HTTP Cookie Manager
2025-12-10 15:15:02,520 WARN o.a.j.p.h.s.HTTPSamplerBase: Existing CookieManager HTTP Cookie Manager superseded by HTTP Cookie Manager
2025-12-10 15:15:03,190 INFO o.a.j.t.JMeterThread: Thread is done: Thread Group 1-4
2025-12-10 15:15:03,190 INFO o.a.j.t.JMeterThread: Thread finished: Thread Group 1-4
2025-12-10 15:15:04,216 WARN o.a.j.p.h.s.HTTPSamplerBase: Existing CookieManager HTTP Cookie Manager superseded by HTTP Cookie Manager
2025-12-10 15:15:07,227 WARN o.a.j.p.h.s.HTTPSamplerBase: Existing CookieManager HTTP Cookie Manager superseded by HTTP Cookie Manager
2025-12-10 15:15:08,041 WARN o.a.j.p.h.s.HTTPSamplerBase: Existing CookieManager HTTP Cookie Manager superseded by HTTP Cookie Manager
2025-12-10 15:15:10,003 WARN o.a.j.p.h.s.HTTPSamplerBase: Existing CookieManager HTTP Cookie Manager superseded by HTTP Cookie Manager
2025-12-10 15:15:10,065 WARN o.a.j.p.h.s.HTTPSamplerBase: Existing CookieManager HTTP Cookie Manager superseded by HTTP Cookie Manager
2025-12-10 15:15:11,080 WARN o.a.j.p.h.s.HTTPSamplerBase: Existing CookieManager HTTP Cookie Manager superseded by HTTP Cookie Manager
2025-12-10 15:15:12,576 WARN o.a.j.p.h.s.HTTPSamplerBase: Existing CookieManager HTTP Cookie Manager superseded by HTTP Cookie Manager
2025-12-10 15:15:18,235 WARN o.a.j.p.h.s.HTTPSamplerBase: Existing CookieManager HTTP Cookie Manager superseded by HTTP Cookie Manager
2025-12-10 15:15:18,280 WARN o.a.j.p.h.s.HTTPSamplerBase: Existing CookieManager HTTP Cookie Manager superseded by HTTP Cookie Manager
2025-12-10 15:15:20,298 INFO o.a.j.t.JMeterThread: Thread is done: Thread Group 1-5
2025-12-10 15:15:20,299 INFO o.a.j.t.JMeterThread: Thread finished: Thread Group 1-5
2025-12-10 15:15:20,487 WARN o.a.j.p.h.s.HTTPSamplerBase: Existing CookieManager HTTP Cookie Manager superseded by HTTP Cookie Manager
2025-12-10 15:15:21,412 WARN o.a.j.p.h.s.HTTPSamplerBase: Existing CookieManager HTTP Cookie Manager superseded by HTTP Cookie Manager
2025-12-10 15:15:23,906 WARN o.a.j.p.h.s.HTTPSamplerBase: Existing CookieManager HTTP Cookie Manager superseded by HTTP Cookie Manager
2025-12-10 15:15:28,702 WARN o.a.j.p.h.s.HTTPSamplerBase: Existing CookieManager HTTP Cookie Manager superseded by HTTP Cookie Manager
2025-12-10 15:15:29,491 WARN o.a.j.p.h.s.HTTPSamplerBase: Existing CookieManager HTTP Cookie Manager superseded by HTTP Cookie Manager
2025-12-10 15:15:30,186 INFO o.a.j.r.Summariser: summary +     19 in 00:00:30 =    0.6/s Avg:  1504 Min:   321 Max:  6657 Err:     0 (0.00%) Active: 5 Started: 10 Finished: 5
2025-12-10 15:15:30,187 INFO o.a.j.r.Summariser: summary =    285 in 00:08:13 =    0.6/s Avg:  3200 Min:   285 Max: 16675 Err:     0 (0.00%)
2025-12-10 15:15:30,188 WARN o.a.j.p.h.s.HTTPSamplerBase: Existing CookieManager HTTP Cookie Manager superseded by HTTP Cookie Manager
2025-12-10 15:15:38,128 WARN o.a.j.p.h.s.HTTPSamplerBase: Existing CookieManager HTTP Cookie Manager superseded by HTTP Cookie Manager
2025-12-10 15:15:39,215 INFO o.a.j.t.JMeterThread: Thread is done: Thread Group 1-6
2025-12-10 15:15:39,215 INFO o.a.j.t.JMeterThread: Thread finished: Thread Group 1-6
2025-12-10 15:15:40,953 INFO o.a.j.t.JMeterThread: Thread is done: Thread Group 1-7
2025-12-10 15:15:40,954 INFO o.a.j.t.JMeterThread: Thread finished: Thread Group 1-7
2025-12-10 15:15:41,420 WARN o.a.j.p.h.s.HTTPSamplerBase: Existing CookieManager HTTP Cookie Manager superseded by HTTP Cookie Manager
2025-12-10 15:15:46,092 WARN o.a.j.p.h.s.HTTPSamplerBase: Existing CookieManager HTTP Cookie Manager superseded by HTTP Cookie Manager
2025-12-10 15:15:49,179 WARN o.a.j.p.h.s.HTTPSamplerBase: Existing CookieManager HTTP Cookie Manager superseded by HTTP Cookie Manager
2025-12-10 15:15:49,212 WARN o.a.j.p.h.s.HTTPSamplerBase: Existing CookieManager HTTP Cookie Manager superseded by HTTP Cookie Manager
2025-12-10 15:15:52,223 WARN o.a.j.p.h.s.HTTPSamplerBase: Existing CookieManager HTTP Cookie Manager superseded by HTTP Cookie Manager
2025-12-10 15:16:00,815 INFO o.a.j.r.Summariser: summary +      9 in 00:00:31 =    0.3/s Avg:  3284 Min:  1157 Max: 10258 Err:     0 (0.00%) Active: 3 Started: 10 Finished: 7
2025-12-10 15:16:00,816 INFO o.a.j.r.Summariser: summary =    294 in 00:08:44 =    0.6/s Avg:  3202 Min:   285 Max: 16675 Err:     0 (0.00%)
2025-12-10 15:16:00,817 WARN o.a.j.p.h.s.HTTPSamplerBase: Existing CookieManager HTTP Cookie Manager superseded by HTTP Cookie Manager
2025-12-10 15:16:02,219 WARN o.a.j.p.h.s.HTTPSamplerBase: Existing CookieManager HTTP Cookie Manager superseded by HTTP Cookie Manager
2025-12-10 15:16:04,155 INFO o.a.j.t.JMeterThread: Thread is done: Thread Group 1-9
2025-12-10 15:16:04,155 INFO o.a.j.t.JMeterThread: Thread finished: Thread Group 1-9
2025-12-10 15:16:10,968 WARN o.a.j.p.h.s.HTTPSamplerBase: Existing CookieManager HTTP Cookie Manager superseded by HTTP Cookie Manager
2025-12-10 15:16:12,676 WARN o.a.j.p.h.s.HTTPSamplerBase: Existing CookieManager HTTP Cookie Manager superseded by HTTP Cookie Manager
2025-12-10 15:16:21,182 INFO o.a.j.t.JMeterThread: Thread is done: Thread Group 1-8
2025-12-10 15:16:21,182 INFO o.a.j.t.JMeterThread: Thread finished: Thread Group 1-8
2025-12-10 15:16:22,157 INFO o.a.j.t.JMeterThread: Thread is done: Thread Group 1-10
2025-12-10 15:16:22,157 INFO o.a.j.t.JMeterThread: Thread finished: Thread Group 1-10
2025-12-10 15:16:22,158 INFO o.a.j.e.StandardJMeterEngine: Notifying test listeners of end of test
2025-12-10 15:16:22,159 INFO o.a.j.s.FileServer: Close: D:/assessment3/assessment3/jmeter/data.csv
2025-12-10 15:16:22,161 INFO o.a.j.r.Summariser: summary +      6 in 00:00:21 =    0.3/s Avg:  2545 Min:  1197 Max:  6772 Err:     0 (0.00%) Active: 0 Started: 10 Finished: 10
2025-12-10 15:16:22,161 INFO o.a.j.r.Summariser: summary =    300 in 00:09:05 =    0.6/s Avg:  3189 Min:   285 Max: 16675 Err:     0 (0.00%)
2025-12-10 15:16:22,163 INFO o.a.j.JMeter: Generating Dashboard
2025-12-10 15:16:22,163 INFO o.a.j.r.d.ReportGenerator: Flushing result collector before report Generation
2025-12-10 15:16:22,233 INFO o.a.j.r.p.NormalizerSampleConsumer: Using format, 'ms', to parse timeStamp field
2025-12-10 15:16:22,386 INFO o.a.j.r.p.AbstractSampleConsumer: class org.apache.jmeter.report.processor.AggregateConsumer#stopProducing(): beginDate produced 0 samples
2025-12-10 15:16:22,387 INFO o.a.j.r.p.AbstractSampleConsumer: class org.apache.jmeter.report.processor.AggregateConsumer#stopProducing(): endDate produced 0 samples
2025-12-10 15:16:22,389 INFO o.a.j.r.p.AbstractSampleConsumer: class org.apache.jmeter.report.processor.ApdexSummaryConsumer#stopProducing(): apdexSummary produced 0 samples
2025-12-10 15:16:22,389 INFO o.a.j.r.p.AbstractSampleConsumer: class org.apache.jmeter.report.processor.RequestsSummaryConsumer#stopProducing(): requestsSummary produced 0 samples
2025-12-10 15:16:22,400 INFO o.a.j.r.p.AbstractSampleConsumer: class org.apache.jmeter.report.processor.StatisticsSummaryConsumer#stopProducing(): statisticsSummary produced 0 samples
2025-12-10 15:16:22,401 INFO o.a.j.r.p.AbstractSampleConsumer: class org.apache.jmeter.report.processor.Top5ErrorsBySamplerConsumer#stopProducing(): top5ErrorsBySampler produced 0 samples
2025-12-10 15:16:22,401 INFO o.a.j.r.p.AbstractSampleConsumer: class org.apache.jmeter.report.processor.ErrorsSummaryConsumer#stopProducing(): errorsSummary produced 0 samples
2025-12-10 15:16:22,401 INFO o.a.j.r.p.AbstractSampleConsumer: class org.apache.jmeter.report.processor.graph.impl.HitsPerSecondGraphConsumer#stopProducing(): hitsPerSecond produced 0 samples
2025-12-10 15:16:22,462 INFO o.a.j.r.p.AbstractSampleConsumer: class org.apache.jmeter.report.processor.graph.impl.LatencyVSRequestGraphConsumer#stopProducing(): latencyVsRequest produced 0 samples
2025-12-10 15:16:22,462 INFO o.a.j.r.p.AbstractSampleConsumer: class org.apache.jmeter.report.processor.graph.impl.SyntheticResponseTimeDistributionGraphConsumer#stopProducing(): syntheticResponseTimeDistribution produced 0 samples
2025-12-10 15:16:22,463 INFO o.a.j.r.p.AbstractSampleConsumer: class org.apache.jmeter.report.processor.graph.impl.BytesThroughputGraphConsumer#stopProducing(): bytesThroughputOverTime produced 0 samples
2025-12-10 15:16:22,463 INFO o.a.j.r.p.AbstractSampleConsumer: class org.apache.jmeter.report.processor.graph.impl.CodesPerSecondGraphConsumer#stopProducing(): codesPerSecond produced 0 samples
2025-12-10 15:16:22,503 INFO o.a.j.r.p.AbstractSampleConsumer: class org.apache.jmeter.report.processor.graph.impl.ResponseTimeVSRequestGraphConsumer#stopProducing(): responseTimeVsRequest produced 0 samples
2025-12-10 15:16:22,503 INFO o.a.j.r.p.AbstractSampleConsumer: class org.apache.jmeter.report.processor.FilterConsumer#stopProducing(): startIntervalControlerFilter produced 3360 samples
2025-12-10 15:16:22,503 INFO o.a.j.r.p.AbstractSampleConsumer: class org.apache.jmeter.report.processor.graph.impl.TotalTPSGraphConsumer#stopProducing(): totalTPS produced 0 samples
2025-12-10 15:16:22,504 INFO o.a.j.r.p.AbstractSampleConsumer: class org.apache.jmeter.report.processor.graph.impl.ActiveThreadsGraphConsumer#stopProducing(): activeThreadsOverTime produced 0 samples
2025-12-10 15:16:22,504 INFO o.a.j.r.p.AbstractSampleConsumer: class org.apache.jmeter.report.processor.graph.impl.TimeVSThreadGraphConsumer#stopProducing(): timeVsThreads produced 0 samples
2025-12-10 15:16:22,505 INFO o.a.j.r.p.AbstractSampleConsumer: class org.apache.jmeter.report.processor.graph.impl.ResponseTimeDistributionGraphConsumer#stopProducing(): responseTimeDistribution produced 0 samples
2025-12-10 15:16:22,506 INFO o.a.j.r.p.AbstractSampleConsumer: class org.apache.jmeter.report.processor.graph.impl.TransactionsPerSecondGraphConsumer#stopProducing(): transactionsPerSecond produced 0 samples
2025-12-10 15:16:22,506 INFO o.a.j.r.p.AbstractSampleConsumer: class org.apache.jmeter.report.processor.graph.impl.ResponseTimePercentilesGraphConsumer#stopProducing(): responseTimePercentiles produced 0 samples
2025-12-10 15:16:22,515 INFO o.a.j.r.p.AbstractSampleConsumer: class org.apache.jmeter.report.processor.graph.impl.ResponseTimePercentilesOverTimeGraphConsumer#stopProducing(): responseTimePercentilesOverTime produced 0 samples
2025-12-10 15:16:22,516 INFO o.a.j.r.p.AbstractSampleConsumer: class org.apache.jmeter.report.processor.graph.impl.ResponseTimeOverTimeGraphConsumer#stopProducing(): responseTimesOverTime produced 0 samples
2025-12-10 15:16:22,517 INFO o.a.j.r.p.AbstractSampleConsumer: class org.apache.jmeter.report.processor.graph.impl.ConnectTimeOverTimeGraphConsumer#stopProducing(): connectTimeOverTime produced 0 samples
2025-12-10 15:16:22,517 INFO o.a.j.r.p.AbstractSampleConsumer: class org.apache.jmeter.report.processor.graph.impl.LatencyOverTimeGraphConsumer#stopProducing(): latenciesOverTime produced 0 samples
2025-12-10 15:16:22,517 INFO o.a.j.r.p.AbstractSampleConsumer: class org.apache.jmeter.report.processor.FilterConsumer#stopProducing(): nameFilter produced 7650 samples
2025-12-10 15:16:22,517 INFO o.a.j.r.p.AbstractSampleConsumer: class org.apache.jmeter.report.processor.FilterConsumer#stopProducing(): dateRangeFilter produced 1530 samples
2025-12-10 15:16:22,517 INFO o.a.j.r.p.AbstractSampleConsumer: class org.apache.jmeter.report.processor.NormalizerSampleConsumer#stopProducing(): normalizer produced 510 samples
2025-12-10 15:16:22,518 INFO o.a.j.r.p.CsvFileSampleSource: produce(): 510 samples produced in 240ms on channel 0
2025-12-10 15:16:22,518 INFO o.a.j.r.d.ReportGenerator: Exporting data using exporter:'json' of className:'org.apache.jmeter.report.dashboard.JsonExporter'
2025-12-10 15:16:22,613 INFO o.a.j.r.d.JsonExporter: Found data for consumer statisticsSummaryin context
2025-12-10 15:16:22,613 INFO o.a.j.r.d.JsonExporter: Creating statistics for overall
2025-12-10 15:16:22,614 INFO o.a.j.r.d.JsonExporter: Creating statistics for other transactions
2025-12-10 15:16:22,614 INFO o.a.j.r.d.JsonExporter: Checking output folder
2025-12-10 15:16:22,615 INFO o.a.j.r.d.JsonExporter: Writing statistics JSON to D:\assessment3\assessment3\jmeter\report\statistics.json
2025-12-10 15:16:22,678 INFO o.a.j.r.d.ReportGenerator: Exporting data using exporter:'html' of className:'org.apache.jmeter.report.dashboard.HtmlTemplateExporter'
2025-12-10 15:16:22,683 INFO o.a.j.r.d.HtmlTemplateExporter: Will generate dashboard in folder: D:\assessment3\assessment3\jmeter\report
2025-12-10 15:16:22,881 INFO o.a.j.r.d.HtmlTemplateExporter: Report will be generated in: D:\assessment3\assessment3\jmeter\report, creating folder structure
2025-12-10 15:16:22,884 INFO o.a.j.r.d.TemplateVisitor: Copying folder from 'C:\apache-jmeter-5.6.3\bin\report-template' to 'D:\assessment3\assessment3\jmeter\report', got message: D:\assessment3\assessment3\jmeter\report, found non empty folder with following content [D:\assessment3\assessment3\jmeter\report\statistics.json], will be ignored
2025-12-10 15:16:23,855 INFO o.a.j.JMeter: Dashboard generated
